\BOOKMARK [0][-]{chapter.1}{Introduction}{}% 1
\BOOKMARK [1][-]{section.1.1}{Particle physics}{chapter.1}% 2
\BOOKMARK [1][-]{section.1.2}{The ILC and ILD}{chapter.1}% 3
\BOOKMARK [1][-]{section.1.3}{Analogue hadronic calorimeter}{chapter.1}% 4
\BOOKMARK [0][-]{chapter.2}{Particle Flow Calorimetry}{}% 5
\BOOKMARK [1][-]{section.2.1}{Calorimeter}{chapter.2}% 6
\BOOKMARK [2][-]{subsection.2.1.1}{Electromagnetic shower}{section.2.1}% 7
\BOOKMARK [2][-]{subsection.2.1.2}{Hadronic shower}{section.2.1}% 8
\BOOKMARK [2][-]{subsection.2.1.3}{Particle flow calorimetry}{section.2.1}% 9
\BOOKMARK [1][-]{section.2.2}{Particle flow detector and calorimeter technologies}{chapter.2}% 10
\BOOKMARK [2][-]{subsection.2.2.1}{The ILD and SiD calorimeter systems}{section.2.2}% 11
\BOOKMARK [2][-]{subsection.2.2.2}{Electromagnetic calorimeter}{section.2.2}% 12
\BOOKMARK [2][-]{subsection.2.2.3}{Hadronic calorimeter}{section.2.2}% 13
\BOOKMARK [1][-]{section.2.3}{Calorimeter prototype performance in the Test-beam}{chapter.2}% 14
\BOOKMARK [2][-]{subsection.2.3.1}{Overview of the test-beam}{section.2.3}% 15
\BOOKMARK [1][-]{section.2.4}{AHCAL: from physics prototype to engineering prototype}{chapter.2}% 16
\BOOKMARK [1][-]{section.2.5}{Calibration of AHCAL}{chapter.2}% 17
\BOOKMARK [1][-]{section.2.6}{Tests of GEANT4 shower simulation models}{chapter.2}% 18
\BOOKMARK [2][-]{subsection.2.6.1}{Physics lists}{section.2.6}% 19
\BOOKMARK [2][-]{subsection.2.6.2}{Electrons in SiW ECAL}{section.2.6}% 20
\BOOKMARK [2][-]{subsection.2.6.3}{Electrons in SciFe HCAL}{section.2.6}% 21
\BOOKMARK [2][-]{subsection.2.6.4}{Hadrons in SiW HCAL}{section.2.6}% 22
\BOOKMARK [2][-]{subsection.2.6.5}{Hadrons shower shapers in scintillator AHCAL}{section.2.6}% 23
\BOOKMARK [2][-]{subsection.2.6.6}{Charge track segments in hadronic shower}{section.2.6}% 24
\BOOKMARK [2][-]{subsection.2.6.7}{Shower evolution with time}{section.2.6}% 25
\BOOKMARK [2][-]{subsection.2.6.8}{Software compensation}{section.2.6}% 26
\BOOKMARK [1][-]{section.2.7}{Particle flow algorithm}{chapter.2}% 27
\BOOKMARK [-1][-]{part.1}{Appendix}{}% 28
\BOOKMARK [0][-]{appendix.A}{Lists}{part.1}% 29
\BOOKMARK [1][-]{section.A.1}{List of Figures}{appendix.A}% 30
\BOOKMARK [1][-]{section.A.2}{List of Tables}{appendix.A}% 31
\BOOKMARK [0][-]{appendix.B}{Bibliography}{part.1}% 32
