\BOOKMARK [0][-]{chapter.1}{Introduction}{}% 1
\BOOKMARK [0][-]{chapter.2}{Scintillator}{}% 2
\BOOKMARK [1][-]{section.2.1}{Working principle of scintillation}{chapter.2}% 3
\BOOKMARK [2][-]{subsection.2.1.1}{Inorganic scintillator}{section.2.1}% 4
\BOOKMARK [2][-]{subsection.2.1.2}{Organic scintillator}{section.2.1}% 5
\BOOKMARK [1][-]{section.2.2}{Monte Carlo simulation of scintillation mechanism}{chapter.2}% 6
\BOOKMARK [0][-]{chapter.3}{Silicon Photomultiplier}{}% 7
\BOOKMARK [1][-]{section.3.1}{Solid-state photodetectors}{chapter.3}% 8
\BOOKMARK [2][-]{subsection.3.1.1}{Silicon photodetectors}{section.3.1}% 9
\BOOKMARK [2][-]{subsection.3.1.2}{PIN photodiodes}{section.3.1}% 10
\BOOKMARK [2][-]{subsection.3.1.3}{Avalanche photodiodes}{section.3.1}% 11
\BOOKMARK [2][-]{subsection.3.1.4}{Geiger-mode photodiodes}{section.3.1}% 12
\BOOKMARK [1][-]{section.3.2}{Physics of SiPM}{chapter.3}% 13
\BOOKMARK [1][-]{section.3.3}{Performance of SiPM}{chapter.3}% 14
\BOOKMARK [1][-]{section.3.4}{Characterizations of SiPM}{chapter.3}% 15
\BOOKMARK [0][-]{chapter.4}{Calibration}{}% 16
\BOOKMARK [0][-]{chapter.5}{Results}{}% 17
\BOOKMARK [-1][-]{part.1}{Appendix}{}% 18
\BOOKMARK [0][-]{appendix.A}{Lists}{part.1}% 19
\BOOKMARK [1][-]{section.A.1}{List of Figures}{appendix.A}% 20
\BOOKMARK [1][-]{section.A.2}{List of Tables}{appendix.A}% 21
\BOOKMARK [0][-]{appendix.B}{Bibliography}{part.1}% 22
